<?xml version="1.0" encoding="UTF-8"?>
<!-- Generated by org.testng.reporters.JUnitXMLReporter -->
<testsuite hostname="W0472501MSMXT" ignored="0" name="Test" tests="3" failures="1" timestamp="2020-01-07T12:06:56 IST" time="0.042" errors="0">
  <testcase name="doLogin" time="0.007" classname="testcases.TestCase2"/>
  <testcase name="doUserReg" time="0.002" classname="testcases.TestCase2">
    <failure type="java.lang.AssertionError" message="User Registration test failed">
      <![CDATA[java.lang.AssertionError: User Registration test failed
at testcases.TestCase2.doUserReg(TestCase2.java:18)
at java.util.ArrayList.forEach(ArrayList.java:1257)
... Removed 28 stack frames]]>
    </failure>
  </testcase> <!-- doUserReg -->
  <testcase name="isSkip" time="0.001" classname="testcases.TestCase2">
    <skipped/>
  </testcase> <!-- isSkip -->
</testsuite> <!-- Test -->
